<?xml version="1.0" encoding="UTF-8"?>
<!-- Generated by org.testng.reporters.JUnitXMLReporter -->
<testsuite hostname="milans-mac-mini.guest.corp.microsoft.com" name="Test1" tests="2" failures="0" timestamp="12 Aug 2016 12:04:32 GMT" time="2.178" errors="0">
  <testcase name="@BeforeClass testInit" time="0.0" classname="com.microsoft.mysearch.qa.pages.HomePageTest">
    <failure type="org.openqa.selenium.WebDriverException" message="java.net.MalformedURLException: no protocol: /
Build info: version: &amp;apos;2.48.2&amp;apos;, revision: &amp;apos;41bccdd10cf2c0560f637404c2d96164b67d9d67&amp;apos;, time: &amp;apos;2015-10-09 13:08:06&amp;apos;
System info: host: &amp;apos;milans-mac-mini.guest.corp.microsoft.com&amp;apos;, ip: &amp;apos;10.166.147.41&amp;apos;, os.name: &amp;apos;Mac OS X&amp;apos;, os.arch: &amp;apos;x86_64&amp;apos;, os.version: &amp;apos;10.11.6&amp;apos;, java.version: &amp;apos;1.8.0_102&amp;apos;
Driver info: driver.version: HtmlUnitDriver">
      <![CDATA[org.openqa.selenium.WebDriverException: java.net.MalformedURLException: no protocol: /
Build info: version: '2.48.2', revision: '41bccdd10cf2c0560f637404c2d96164b67d9d67', time: '2015-10-09 13:08:06'
System info: host: 'milans-mac-mini.guest.corp.microsoft.com', ip: '10.166.147.41', os.name: 'Mac OS X', os.arch: 'x86_64', os.version: '10.11.6', java.version: '1.8.0_102'
Driver info: driver.version: HtmlUnitDriver
	at org.openqa.selenium.htmlunit.HtmlUnitDriver.get(HtmlUnitDriver.java:527)
	at com.microsoft.mysearch.qa.pages.HomePageTest.testInit(HomePageTest.java:18)
Caused by: java.net.MalformedURLException: no protocol: /
	at java.net.URL.<init>(URL.java:593)
	at java.net.URL.<init>(URL.java:490)
	at java.net.URL.<init>(URL.java:439)
	at org.openqa.selenium.htmlunit.HtmlUnitDriver.get(HtmlUnitDriver.java:525)
	... 28 more
... Removed 27 stack frames]]>
    </failure>
  </testcase> <!-- @BeforeClass testInit -->
  <testcase name="@AfterMethod setScreenshot" time="0.0" classname="com.microsoft.mysearch.qa.pages.HomePageTest">
    <skipped/>
  </testcase> <!-- @AfterMethod setScreenshot -->
  <testcase name="@AfterMethod setScreenshot" time="0.0" classname="com.microsoft.mysearch.qa.pages.HomePageTest">
    <skipped/>
  </testcase> <!-- @AfterMethod setScreenshot -->
  <testcase name="test2" time="0.0" classname="com.microsoft.mysearch.qa.pages.HomePageTest">
    <skipped/>
  </testcase> <!-- test2 -->
  <testcase name="testH1Existing" time="0.0" classname="com.microsoft.mysearch.qa.pages.HomePageTest">
    <skipped/>
  </testcase> <!-- testH1Existing -->
</testsuite> <!-- Test1 -->
